<?xml version="1.0" encoding="UTF-8"?>
<!-- Generated by org.testng.reporters.JUnitXMLReporter -->
<testsuite ignored="0" hostname="NIRMAL-RAWAT" failures="0" tests="4" name="Default test" time="28.168" errors="0" timestamp="2024-11-04T18:47:09 IST">
  <testcase classname="Kane.Selenium_java.Scope" name="ClickOnLinks" time="18.357"/>
  <testcase classname="Kane.Selenium_java.Scope" name="FooterLinkCount" time="3.078"/>
  <testcase classname="Kane.Selenium_java.Scope" name="LinkCounter" time="3.272"/>
  <testcase classname="Kane.Selenium_java.Scope" name="oneColumnLinkCount" time="3.4"/>
</testsuite> <!-- Default test -->
