<?xml version="1.0" encoding="UTF-8"?>
<!-- Generated by org.testng.reporters.JUnitXMLReporter -->
<testsuite ignored="0" hostname="NIRMAL-RAWAT" failures="0" tests="4" name="Default test" time="33.951" errors="0" timestamp="2024-11-04T18:54:00 IST">
  <testcase classname="Kane.Selenium_java.Scope" name="ClickOnLinks" time="23.265"/>
  <testcase classname="Kane.Selenium_java.Scope" name="FooterLinkCount" time="3.795"/>
  <testcase classname="Kane.Selenium_java.Scope" name="LinkCounter" time="3.361"/>
  <testcase classname="Kane.Selenium_java.Scope" name="oneColumnLinkCount" time="3.457"/>
</testsuite> <!-- Default test -->
