<?xml version="1.0" encoding="UTF-8"?>
<!-- Generated by org.testng.reporters.JUnitXMLReporter -->
<testsuite ignored="0" hostname="NIRMAL-RAWAT" failures="0" tests="5" name="Test suite 1" time="0.111" errors="0" timestamp="2024-11-05T18:46:52 IST">
  <testcase classname="Kane.Selenium_java.test1" name="Applycoupon" time="0.009"/>
  <testcase classname="Kane.Selenium_java.test1" name="Logout" time="0.003"/>
  <testcase classname="Kane.Selenium_java.test1" name="Payment" time="0.002"/>
  <testcase classname="Kane.Selenium_java.test1" name="ViewChecks" time="0.003"/>
  <testcase classname="Kane.Selenium_java.test1" name="ViewReports" time="0.002"/>
</testsuite> <!-- Test suite 1 -->
