<?xml version="1.0" encoding="UTF-8"?>
<testng-results ignored="0" total="5" passed="5" failed="0" skipped="0">
  <reporter-output>
  </reporter-output>
  <suite started-at="2024-11-05T18:46:52 IST" name="Suite" finished-at="2024-11-05T18:46:52 IST" duration-ms="111">
    <groups>
    </groups>
    <test started-at="2024-11-05T18:46:52 IST" name="Test suite 1" finished-at="2024-11-05T18:46:52 IST" duration-ms="111">
      <class name="Kane.Selenium_java.test1">
        <test-method is-config="true" signature="clockin()[pri:0, instance:Kane.Selenium_java.test1@72035809]" started-at="2024-11-05T18:46:52 IST" name="clockin" finished-at="2024-11-05T18:46:52 IST" duration-ms="15" status="PASS">
          <reporter-output>
          </reporter-output>
        </test-method> <!-- clockin -->
        <test-method is-config="true" signature="Login()[pri:0, instance:Kane.Selenium_java.test1@72035809]" started-at="2024-11-05T18:46:52 IST" name="Login" finished-at="2024-11-05T18:46:52 IST" duration-ms="1" status="PASS">
          <reporter-output>
          </reporter-output>
        </test-method> <!-- Login -->
        <test-method signature="Applycoupon()[pri:0, instance:Kane.Selenium_java.test1@72035809]" started-at="2024-11-05T18:46:52 IST" name="Applycoupon" finished-at="2024-11-05T18:46:52 IST" duration-ms="9" status="PASS">
          <reporter-output>
          </reporter-output>
        </test-method> <!-- Applycoupon -->
        <test-method is-config="true" signature="Login()[pri:0, instance:Kane.Selenium_java.test1@72035809]" started-at="2024-11-05T18:46:52 IST" name="Login" finished-at="2024-11-05T18:46:52 IST" duration-ms="1" status="PASS">
          <reporter-output>
          </reporter-output>
        </test-method> <!-- Login -->
        <test-method signature="Logout()[pri:0, instance:Kane.Selenium_java.test1@72035809]" started-at="2024-11-05T18:46:52 IST" name="Logout" finished-at="2024-11-05T18:46:52 IST" duration-ms="3" status="PASS">
          <reporter-output>
          </reporter-output>
        </test-method> <!-- Logout -->
        <test-method is-config="true" signature="Login()[pri:0, instance:Kane.Selenium_java.test1@72035809]" started-at="2024-11-05T18:46:52 IST" name="Login" finished-at="2024-11-05T18:46:52 IST" duration-ms="0" status="PASS">
          <reporter-output>
          </reporter-output>
        </test-method> <!-- Login -->
        <test-method signature="Payment()[pri:0, instance:Kane.Selenium_java.test1@72035809]" started-at="2024-11-05T18:46:52 IST" name="Payment" finished-at="2024-11-05T18:46:52 IST" duration-ms="2" status="PASS">
          <reporter-output>
          </reporter-output>
        </test-method> <!-- Payment -->
        <test-method signature="ViewChecks()[pri:0, instance:Kane.Selenium_java.test1@72035809]" started-at="2024-11-05T18:46:52 IST" name="ViewChecks" finished-at="2024-11-05T18:46:52 IST" duration-ms="3" status="PASS">
          <reporter-output>
          </reporter-output>
        </test-method> <!-- ViewChecks -->
        <test-method is-config="true" signature="Login()[pri:0, instance:Kane.Selenium_java.test1@72035809]" started-at="2024-11-05T18:46:52 IST" name="Login" finished-at="2024-11-05T18:46:52 IST" duration-ms="0" status="PASS">
          <reporter-output>
          </reporter-output>
        </test-method> <!-- Login -->
        <test-method is-config="true" signature="Login()[pri:0, instance:Kane.Selenium_java.test1@72035809]" started-at="2024-11-05T18:46:52 IST" name="Login" finished-at="2024-11-05T18:46:52 IST" duration-ms="1" status="PASS">
          <reporter-output>
          </reporter-output>
        </test-method> <!-- Login -->
        <test-method signature="ViewReports()[pri:0, instance:Kane.Selenium_java.test1@72035809]" started-at="2024-11-05T18:46:52 IST" name="ViewReports" finished-at="2024-11-05T18:46:52 IST" duration-ms="2" status="PASS">
          <reporter-output>
          </reporter-output>
        </test-method> <!-- ViewReports -->
      </class> <!-- Kane.Selenium_java.test1 -->
    </test> <!-- Test suite 1 -->
  </suite> <!-- Suite -->
</testng-results>
